0 verbose cli /usr/local/bin/node /usr/local/bin/npm
1 info using npm@10.2.5
2 info using node@v20.10.0
3 timing npm:load:whichnode Completed in 1ms
4 timing config:load:defaults Completed in 2ms
5 timing config:load:file:/usr/local/lib/node_modules/npm/npmrc Completed in 1ms
6 timing config:load:builtin Completed in 1ms
7 warn config production Use `--omit=dev` instead.
8 timing config:load:cli Completed in 2ms
9 timing config:load:env Completed in 1ms
10 timing config:load:project Completed in 0ms
11 timing config:load:file:/home/container/.npmrc Completed in 0ms
12 timing config:load:user Completed in 0ms
13 timing config:load:file:/usr/local/etc/npmrc Completed in 0ms
14 timing config:load:global Completed in 0ms
15 timing config:load:setEnvs Completed in 1ms
16 timing config:load Completed in 8ms
17 timing npm:load:configload Completed in 8ms
18 timing config:load:flatten Completed in 3ms
19 timing npm:load:mkdirpcache Completed in 0ms
20 timing npm:load:mkdirplogs Completed in 0ms
21 verbose title npm install
22 verbose argv "install" "--production"
23 timing npm:load:setTitle Completed in 0ms
24 timing npm:load:display Completed in 2ms
25 verbose logfile logs-max:10 dir:/home/container/.npm/_logs/2023-12-23T12_56_42_769Z-
26 verbose logfile /home/container/.npm/_logs/2023-12-23T12_56_42_769Z-debug-0.log
27 timing npm:load:logFile Completed in 9ms
28 timing npm:load:timers Completed in 0ms
29 timing npm:load:configScope Completed in 0ms
30 timing npm:load Completed in 37ms
31 timing arborist:ctor Completed in 1ms
32 silly logfile start cleaning logs, removing 1 files
33 silly logfile done cleaning log files
34 timing idealTree:init Completed in 75ms
35 timing idealTree:userRequests Completed in 0ms
36 silly idealTree buildDeps
37 timing idealTree:#root Completed in 0ms
38 timing idealTree:buildDeps Completed in 2ms
39 timing idealTree:fixDepFlags Completed in 0ms
40 timing idealTree Completed in 79ms
41 timing arborist:ctor Completed in 0ms
42 timing reify:loadTrees Completed in 110ms
43 timing reify:diffTrees Completed in 4ms
44 silly reify moves {}
45 timing reify:retireShallow Completed in 1ms
46 timing reify:createSparse Completed in 0ms
47 timing reify:trashOmits Completed in 0ms
48 timing reify:loadBundles Completed in 0ms
49 silly audit bulk request {
49 silly audit   '@discordjs/builders': [ '1.7.0' ],
49 silly audit   'discord-api-types': [ '0.37.61', '0.37.66' ],
49 silly audit   '@discordjs/collection': [ '1.5.3', '2.0.0' ],
49 silly audit   '@discordjs/formatters': [ '0.3.3' ],
49 silly audit   '@discordjs/rest': [ '1.1.0', '2.2.0' ],
49 silly audit   '@discordjs/util': [ '1.0.2' ],
49 silly audit   '@discordjs/ws': [ '1.0.2' ],
49 silly audit   undici: [ '5.27.2', '5.28.2' ],
49 silly audit   '@fastify/busboy': [ '2.1.0' ],
49 silly audit   '@sapphire/async-queue': [ '1.5.1' ],
49 silly audit   '@sapphire/shapeshift': [ '3.9.5' ],
49 silly audit   '@sapphire/snowflake': [ '3.5.2', '3.5.1' ],
49 silly audit   '@tokenizer/token': [ '0.3.0' ],
49 silly audit   '@types/node': [ '20.10.5' ],
49 silly audit   '@types/ws': [ '8.5.9' ],
49 silly audit   '@vladfrangu/async_event_emitter': [ '2.2.4' ],
49 silly audit   accepts: [ '1.3.8' ],
49 silly audit   'array-flatten': [ '1.1.1' ],
49 silly audit   asynckit: [ '0.4.0' ],
49 silly audit   axios: [ '0.27.2', '1.6.2' ],
49 silly audit   'bignumber.js': [ '9.0.0' ],
49 silly audit   'body-parser': [ '1.20.0' ],
49 silly audit   bytes: [ '3.1.2' ],
49 silly audit   'call-bind': [ '1.0.5' ],
49 silly audit   'combined-stream': [ '1.0.8' ],
49 silly audit   'content-disposition': [ '0.5.4' ],
49 silly audit   'content-type': [ '1.0.5' ],
49 silly audit   cookie: [ '0.5.0' ],
49 silly audit   'cookie-signature': [ '1.0.6' ],
49 silly audit   'core-util-is': [ '1.0.3' ],
49 silly audit   debug: [ '2.6.9' ],
49 silly audit   'define-data-property': [ '1.1.1' ],
49 silly audit   'delayed-stream': [ '1.0.0' ],
49 silly audit   depd: [ '2.0.0' ],
49 silly audit   destroy: [ '1.2.0' ],
49 silly audit   'discord.js': [ '14.14.1' ],
49 silly audit   'ee-first': [ '1.1.1' ],
49 silly audit   encodeurl: [ '1.0.2' ],
49 silly audit   'escape-html': [ '1.0.3' ],
49 silly audit   etag: [ '1.8.1' ],
49 silly audit   express: [ '4.18.1' ],
49 silly audit   'fast-deep-equal': [ '3.1.3' ],
49 silly audit   'file-type': [ '17.1.6' ],
49 silly audit   finalhandler: [ '1.2.0' ],
49 silly audit   'follow-redirects': [ '1.15.3' ],
49 silly audit   'form-data': [ '4.0.0' ],
49 silly audit   forwarded: [ '0.2.0' ],
49 silly audit   fresh: [ '0.5.2' ],
49 silly audit   'function-bind': [ '1.1.2' ],
49 silly audit   'get-intrinsic': [ '1.2.2' ],
49 silly audit   'google-spreadsheet': [ '4.1.1' ],
49 silly audit   gopd: [ '1.0.1' ],
49 silly audit   'has-property-descriptors': [ '1.0.1' ],
49 silly audit   'has-proto': [ '1.0.1' ],
49 silly audit   'has-symbols': [ '1.0.3' ],
49 silly audit   hasown: [ '2.0.0' ],
49 silly audit   'http-errors': [ '2.0.0' ],
49 silly audit   'iconv-lite': [ '0.4.24' ],
49 silly audit   ieee754: [ '1.2.1' ],
49 silly audit   inherits: [ '2.0.4' ],
49 silly audit   'ipaddr.js': [ '1.9.1' ],
49 silly audit   isarray: [ '1.0.0' ],
49 silly audit   lodash: [ '4.17.21' ],
49 silly audit   'lodash.snakecase': [ '4.1.1' ],
49 silly audit   'magic-bytes.js': [ '1.7.0' ],
49 silly audit   'media-typer': [ '0.3.0' ],
49 silly audit   'merge-descriptors': [ '1.0.1' ],
49 silly audit   methods: [ '1.1.2' ],
49 silly audit   mime: [ '1.6.0' ],
49 silly audit   'mime-db': [ '1.52.0' ],
49 silly audit   'mime-types': [ '2.1.35' ],
49 silly audit   ms: [ '2.0.0', '2.1.3' ],
49 silly audit   mysql: [ '2.18.1' ],
49 silly audit   'readable-stream': [ '2.3.7', '3.6.2' ],
49 silly audit   'safe-buffer': [ '5.1.2', '5.2.1' ],
49 silly audit   string_decoder: [ '1.1.1', '1.3.0' ],
49 silly audit   negotiator: [ '0.6.3' ],
49 silly audit   'object-inspect': [ '1.13.1' ],
49 silly audit   'on-finished': [ '2.4.1' ],
49 silly audit   parseurl: [ '1.3.3' ],
49 silly audit   'path-to-regexp': [ '0.1.7' ],
49 silly audit   'peek-readable': [ '5.0.0' ],
49 silly audit   'process-nextick-args': [ '2.0.1' ],
49 silly audit   'proxy-addr': [ '2.0.7' ],
49 silly audit   'proxy-from-env': [ '1.1.0' ],
49 silly audit   qs: [ '6.10.3' ],
49 silly audit   'range-parser': [ '1.2.1' ],
49 silly audit   'raw-body': [ '2.5.1' ],
49 silly audit   'readable-web-to-node-stream': [ '3.0.2' ],
49 silly audit   'safer-buffer': [ '2.1.2' ],
49 silly audit   send: [ '0.18.0' ],
49 silly audit   'serve-static': [ '1.15.0' ],
49 silly audit   'set-function-length': [ '1.1.1' ],
49 silly audit   setprototypeof: [ '1.2.0' ],
49 silly audit   'side-channel': [ '1.0.4' ],
49 silly audit   sqlstring: [ '2.3.1' ],
49 silly audit   statuses: [ '2.0.1' ],
49 silly audit   strtok3: [ '7.0.0' ],
49 silly audit   toidentifier: [ '1.0.1' ],
49 silly audit   'token-types': [ '5.0.1' ],
49 silly audit   'ts-mixer': [ '6.0.3' ],
49 silly audit   tslib: [ '2.6.2' ],
49 silly audit   'type-is': [ '1.6.18' ],
49 silly audit   'undici-types': [ '5.26.5' ],
49 silly audit   unpipe: [ '1.0.0' ],
49 silly audit   'util-deprecate': [ '1.0.2' ],
49 silly audit   'utils-merge': [ '1.0.1' ],
49 silly audit   vary: [ '1.1.2' ],
49 silly audit   ws: [ '8.14.2' ]
49 silly audit }
50 timing reify:unpack Completed in 3ms
51 timing reify:unretire Completed in 33ms
52 timing build:queue Completed in 0ms
53 timing build:deps Completed in 0ms
54 timing build Completed in 0ms
55 timing reify:build Completed in 1ms
56 timing reify:trash Completed in 0ms
57 timing reify:save Completed in 50ms
58 http fetch POST 200 https://registry.npmjs.org/-/npm/v1/security/advisories/bulk 340ms
59 timing auditReport:getReport Completed in 345ms
60 silly audit report {
60 silly audit report   axios: [
60 silly audit report     {
60 silly audit report       id: 1094889,
60 silly audit report       url: 'https://github.com/advisories/GHSA-wf5p-g6vw-rhxx',
60 silly audit report       title: 'Axios Cross-Site Request Forgery Vulnerability',
60 silly audit report       severity: 'moderate',
60 silly audit report       vulnerable_versions: '>=0.8.1 <1.6.0',
60 silly audit report       cwe: [Array],
60 silly audit report       cvss: [Object]
60 silly audit report     }
60 silly audit report   ]
60 silly audit report }
61 timing metavuln:cache:get:security-advisory:axios:Jphyrph0xSBoV7rAKQ5sxe+Zizq65vm72MJltviDtKidjsZwX/gC36j+hz03tZ86vHMEkACxqA4FcmoDJt5vmg== Completed in 6ms
62 http fetch GET 200 https://registry.npmjs.org/axios 17ms (cache hit)
63 timing metavuln:packument:axios Completed in 21ms
64 timing metavuln:load:security-advisory:axios:1094889 Completed in 1ms
65 timing metavuln:calculate:security-advisory:axios:1094889 Completed in 23ms
66 timing auditReport:init Completed in 30ms
67 timing reify:audit Completed in 376ms
68 timing reify Completed in 504ms
69 timing command:install Completed in 520ms
70 verbose exit 0
71 timing npm Completed in 718ms
72 info ok
